# JRE version: Java(TM) SE Runtime Environment (8.0_191-b12) (build 1.8.0_191-b12)
# Java VM: Java HotSpot(TM) 64-Bit Server VM (25.191-b12 mixed mode windows-amd64 compressed oops)
Heap:
 PSYoungGen      total 122368K, used 109683K [0x00000000d5f80000, 0x00000000de300000, 0x0000000100000000)
  eden space 110080K, 99% used [0x00000000d5f80000,0x00000000dca9cc20,0x00000000dcb00000)
  from space 12288K, 0% used [0x00000000dcb00000,0x00000000dcb00000,0x00000000dd700000)
  to   space 10240K, 0% used [0x00000000dd700000,0x00000000dd700000,0x00000000de100000)
 ParOldGen       total 72704K, used 17403K [0x0000000081e00000, 0x0000000086500000, 0x00000000d5f80000)
  object space 72704K, 23% used [0x0000000081e00000,0x0000000082efec88,0x0000000086500000)
 Metaspace       used 46220K, capacity 48068K, committed 48384K, reserved 1091584K
  class space    used 6484K, capacity 6859K, committed 6912K, reserved 1048576K
GC Heap History (10 events):
Event: 3.546 GC heap before
{Heap before GC invocations=7 (full 1):
 PSYoungGen      total 71680K, used 66560K [0x00000000d5f80000, 0x00000000daa80000, 0x0000000100000000)
  eden space 66560K, 100% used [0x00000000d5f80000,0x00000000da080000,0x00000000da080000)
  from space 5120K, 0% used [0x00000000da080000,0x00000000da080000,0x00000000da580000)
  to   space 5120K, 0% used [0x00000000da580000,0x00000000da580000,0x00000000daa80000)
 ParOldGen       total 47104K, used 5580K [0x0000000081e00000, 0x0000000084c00000, 0x00000000d5f80000)
  object space 47104K, 11% used [0x0000000081e00000,0x0000000082373330,0x0000000084c00000)
 Metaspace       used 23737K, capacity 24694K, committed 24832K, reserved 1071104K
  class space    used 3287K, capacity 3534K, committed 3584K, reserved 1048576K
Event: 3.555 GC heap after
Heap after GC invocations=7 (full 1):
 PSYoungGen      total 68096K, used 5104K [0x00000000d5f80000, 0x00000000de700000, 0x0000000100000000)
  eden space 62976K, 0% used [0x00000000d5f80000,0x00000000d5f80000,0x00000000d9d00000)
  from space 5120K, 99% used [0x00000000da580000,0x00000000daa7c050,0x00000000daa80000)
  to   space 8704K, 0% used [0x00000000d9d00000,0x00000000d9d00000,0x00000000da580000)
 ParOldGen       total 47104K, used 7660K [0x0000000081e00000, 0x0000000084c00000, 0x00000000d5f80000)
  object space 47104K, 16% used [0x0000000081e00000,0x000000008257b0e8,0x0000000084c00000)
 Metaspace       used 23737K, capacity 24694K, committed 24832K, reserved 1071104K
  class space    used 3287K, capacity 3534K, committed 3584K, reserved 1048576K
}
Event: 4.640 GC heap before
{Heap before GC invocations=8 (full 1):
 PSYoungGen      total 68096K, used 68080K [0x00000000d5f80000, 0x00000000de700000, 0x0000000100000000)
  eden space 62976K, 100% used [0x00000000d5f80000,0x00000000d9d00000,0x00000000d9d00000)
  from space 5120K, 99% used [0x00000000da580000,0x00000000daa7c050,0x00000000daa80000)
  to   space 8704K, 0% used [0x00000000d9d00000,0x00000000d9d00000,0x00000000da580000)
 ParOldGen       total 47104K, used 7660K [0x0000000081e00000, 0x0000000084c00000, 0x00000000d5f80000)
  object space 47104K, 16% used [0x0000000081e00000,0x000000008257b0e8,0x0000000084c00000)
 Metaspace       used 28530K, capacity 29958K, committed 30080K, reserved 1075200K
  class space    used 3915K, capacity 4194K, committed 4224K, reserved 1048576K
Event: 4.653 GC heap after
Heap after GC invocations=8 (full 1):
 PSYoungGen      total 71680K, used 8699K [0x00000000d5f80000, 0x00000000de100000, 0x0000000100000000)
  eden space 62976K, 0% used [0x00000000d5f80000,0x00000000d5f80000,0x00000000d9d00000)
  from space 8704K, 99% used [0x00000000d9d00000,0x00000000da57eeb0,0x00000000da580000)
  to   space 10240K, 0% used [0x00000000dd700000,0x00000000dd700000,0x00000000de100000)
 ParOldGen       total 47104K, used 9302K [0x0000000081e00000, 0x0000000084c00000, 0x00000000d5f80000)
  object space 47104K, 19% used [0x0000000081e00000,0x0000000082715920,0x0000000084c00000)
 Metaspace       used 28530K, capacity 29958K, committed 30080K, reserved 1075200K
  class space    used 3915K, capacity 4194K, committed 4224K, reserved 1048576K
}
Event: 5.453 GC heap before
{Heap before GC invocations=9 (full 1):
 PSYoungGen      total 71680K, used 71675K [0x00000000d5f80000, 0x00000000de100000, 0x0000000100000000)
  eden space 62976K, 100% used [0x00000000d5f80000,0x00000000d9d00000,0x00000000d9d00000)
  from space 8704K, 99% used [0x00000000d9d00000,0x00000000da57eeb0,0x00000000da580000)
  to   space 10240K, 0% used [0x00000000dd700000,0x00000000dd700000,0x00000000de100000)
 ParOldGen       total 47104K, used 9302K [0x0000000081e00000, 0x0000000084c00000, 0x00000000d5f80000)
  object space 47104K, 19% used [0x0000000081e00000,0x0000000082715920,0x0000000084c00000)
 Metaspace       used 32445K, capacity 34080K, committed 34176K, reserved 1079296K
  class space    used 4371K, capacity 4693K, committed 4736K, reserved 1048576K
Event: 5.474 GC heap after
Heap after GC invocations=9 (full 1):
 PSYoungGen      total 120320K, used 10231K [0x00000000d5f80000, 0x00000000de300000, 0x0000000100000000)
  eden space 110080K, 0% used [0x00000000d5f80000,0x00000000d5f80000,0x00000000dcb00000)
  from space 10240K, 99% used [0x00000000dd700000,0x00000000de0fdd38,0x00000000de100000)
  to   space 12288K, 0% used [0x00000000dcb00000,0x00000000dcb00000,0x00000000dd700000)
 ParOldGen       total 47104K, used 10938K [0x0000000081e00000, 0x0000000084c00000, 0x00000000d5f80000)
  object space 47104K, 23% used [0x0000000081e00000,0x00000000828aead0,0x0000000084c00000)
 Metaspace       used 32445K, capacity 34080K, committed 34176K, reserved 1079296K
  class space    used 4371K, capacity 4693K, committed 4736K, reserved 1048576K
}
Event: 6.170 GC heap before
{Heap before GC invocations=10 (full 1):
 PSYoungGen      total 120320K, used 25965K [0x00000000d5f80000, 0x00000000de300000, 0x0000000100000000)
  eden space 110080K, 14% used [0x00000000d5f80000,0x00000000d6edd7c0,0x00000000dcb00000)
  from space 10240K, 99% used [0x00000000dd700000,0x00000000de0fdd38,0x00000000de100000)
  to   space 12288K, 0% used [0x00000000dcb00000,0x00000000dcb00000,0x00000000dd700000)
 ParOldGen       total 47104K, used 10938K [0x0000000081e00000, 0x0000000084c00000, 0x00000000d5f80000)
  object space 47104K, 23% used [0x0000000081e00000,0x00000000828aead0,0x0000000084c00000)
 Metaspace       used 33799K, capacity 35382K, committed 35416K, reserved 1079296K
  class space    used 4530K, capacity 4862K, committed 4864K, reserved 1048576K
Event: 6.191 GC heap after
Heap after GC invocations=10 (full 1):
 PSYoungGen      total 122368K, used 9180K [0x00000000d5f80000, 0x00000000de300000, 0x0000000100000000)
  eden space 110080K, 0% used [0x00000000d5f80000,0x00000000d5f80000,0x00000000dcb00000)
  from space 12288K, 74% used [0x00000000dcb00000,0x00000000dd3f7388,0x00000000dd700000)
  to   space 10240K, 0% used [0x00000000dd700000,0x00000000dd700000,0x00000000de100000)
 ParOldGen       total 47104K, used 14142K [0x0000000081e00000, 0x0000000084c00000, 0x00000000d5f80000)
  object space 47104K, 30% used [0x0000000081e00000,0x0000000082bcfae0,0x0000000084c00000)
 Metaspace       used 33799K, capacity 35382K, committed 35416K, reserved 1079296K
  class space    used 4530K, capacity 4862K, committed 4864K, reserved 1048576K
}
Event: 6.191 GC heap before
{Heap before GC invocations=11 (full 2):
 PSYoungGen      total 122368K, used 9180K [0x00000000d5f80000, 0x00000000de300000, 0x0000000100000000)
  eden space 110080K, 0% used [0x00000000d5f80000,0x00000000d5f80000,0x00000000dcb00000)
  from space 12288K, 74% used [0x00000000dcb00000,0x00000000dd3f7388,0x00000000dd700000)
  to   space 10240K, 0% used [0x00000000dd700000,0x00000000dd700000,0x00000000de100000)
 ParOldGen       total 47104K, used 14142K [0x0000000081e00000, 0x0000000084c00000, 0x00000000d5f80000)
  object space 47104K, 30% used [0x0000000081e00000,0x0000000082bcfae0,0x0000000084c00000)
 Metaspace       used 33799K, capacity 35382K, committed 35416K, reserved 1079296K
  class space    used 4530K, capacity 4862K, committed 4864K, reserved 1048576K
Event: 6.288 GC heap after
Heap after GC invocations=11 (full 2):
 PSYoungGen      total 122368K, used 0K [0x00000000d5f80000, 0x00000000de300000, 0x0000000100000000)
  eden space 110080K, 0% used [0x00000000d5f80000,0x00000000d5f80000,0x00000000dcb00000)
  from space 12288K, 0% used [0x00000000dcb00000,0x00000000dcb00000,0x00000000dd700000)
  to   space 10240K, 0% used [0x00000000dd700000,0x00000000dd700000,0x00000000de100000)
 ParOldGen       total 72704K, used 17403K [0x0000000081e00000, 0x0000000086500000, 0x00000000d5f80000)
  object space 72704K, 23% used [0x0000000081e00000,0x0000000082efec88,0x0000000086500000)
 Metaspace       used 33799K, capacity 35382K, committed 35416K, reserved 1079296K
  class space    used 4530K, capacity 4862K, committed 4864K, reserved 1048576K
}

